*** Using Compiler 'V5.06 update 4 (build 422)', folder: 'D:\Keil MDK\ARM\ARMCC\Bin'
Build target 'STM32_Sensorless_BLDC'
compiling tim.c...
compiling stm32f4xx_it.c...
compiling freertos.c...
../Core/Src/freertos.c(144): warning:  #167-D: argument of type "void (*)(const void *)" is incompatible with parameter of type "osThreadFunc_t"
    LcdTaskHandle = osThreadNew(LcdTask_Entry,
ULL,&Lcd_task_attributes);
../Core/Src/freertos.c(196): warning:  #223-D: function "lv_timer_handler" declared implicitly
      lv_timer_handler();
../Core/Src/freertos.c: 2 warnings, 0 errors
compiling uart_task.c...
..\App\uart_task.c(46): warning:  #177-D: variable "data1"  was declared but never referenced
          uint8_t data1 = data[0];//三环选取
..\App\uart_task.c(48): warning:  #177-D: variable "data3"  was declared but never referenced
          uint8_t data3 = data[2];//步长
..\App\uart_task.c: 2 warnings, 0 errors
compiling lcd_task.c...
compiling main.c...
../Bsp/inc/MPU9250-DMP.h(52): warning:  #1295-D: Deprecated declaration MPU9250_DMP - give arg types
  int MPU9250_DMP();
../Bsp/inc/MPU9250-DMP.h(148): warning:  #1295-D: Deprecated declaration MPU9250_dataReady - give arg types
  
ool MPU9250_dataReady();
../Core/Src/main.c: 2 warnings, 0 errors
linking...
Program Size: Code=171760 RO-data=20656 RW-data=768 ZI-data=109468  
FromELF: creating hex file...
"STM32_Sensorless_BLDC\STM32_Sensorless_BLDC.axf" - 0 Error(s), 6 Warning(s).
Build Time Elapsed:  00:00:09
